  START_HERE.md
  FRONTEND_BUILD_MEMORY.md
  DOCUMENTATION/FRONTEND_BUILD_START_HERE.md
  DOCUMENTATION/COMPETITION_ENVIRONMENT_SETUP.md
  customer-app/CUSTOMER_API_GUIDE.md
  customer-app/YELP_INTEGRATION_GUIDE.md
  DOCUMENTATION/Users & Access features.md
  DOCUMENTATION/ADMIN_PASSWORD_VALIDATION_GUIDE.md
  customer-app/SMS_AUTHENTICATION_COMPLETE.md
  PAYMENT_ORDER_INTEGRATION_COMPLETE.md
  AI_SEARCH_DEMO_INSTRUCTIONS.md
  SEARCH_PAGE_PREMIUM_COMPLETE.md
  customer-app/YELP_INTEGRATION_SUMMARY.md
  DATABASE_SCHEMA_REFERENCE.md
  DATABASE_CONNECTION_PLAN.md
  DATABASE_IMPLEMENTATION_PLAN.md
  ORCHESTRATOR_CONTEXT.md
  DOCUMENTATION/CURRENT_STATUS_OLD.md
  CURSOR_FINDINGS_DATA_INVESTIGATION.md
  DATA_DISCREPANCY_PRIMA_PIZZA.md
  MISSING_DATABASE_COLUMNS_REPORT.md
  AI_POWERED_DEMO_READY.md
  MVP_DEMO_READY.md
  MVP_LAUNCH_SUMMARY.md
